[21 Oct 2016 13:17:16] Building database metadata model
[21 Oct 2016 13:17:16] Properties: {partialRefresh=false, processColumnsUsingSelect=, includePrimaryKeys=true, eventSocketClient=com.webratio.commons.net.EventSocketClient@1a84da23, includeTables=true, username=postgres, outputLogPath=/Users/fredlu/Documents/Webratio_workspace/WSE_Group6/.Temp~/DB.xml.log, readIndexes=null, driverClass=org.postgresql.Driver, includeSynonyms=true, metaDataProviderClass=com.webratio.commons.db.metadata.PostgreSQLMetaDataProvider, outputPath=/Users/fredlu/Documents/Webratio_workspace/WSE_Group6/.Temp~/DB.xml, schemaRegex=null, readProcedures=null, includeViews=true, derby.system.home=/Users/fredlu/Documents/Webratio_workspace/.metadata/.plugins/com.webratio.commons.db/derby, url=jdbc:postgresql://localhost:5432/webratio_group6, tableRegex=null, readSQLDefinitions=true, includeForeignKeys=false, retrieveAllNames=false, tablesToRefresh=, eventSocketPort=53336}
[21 Oct 2016 13:17:16] URL: jdbc:postgresql://localhost:5432/webratio_group6
[21 Oct 2016 13:17:16] Product name: PostgreSQL
[21 Oct 2016 13:17:16] Product version: 9.6.0
[21 Oct 2016 13:17:16] Driver name: PostgreSQL Native Driver
[21 Oct 2016 13:17:16] Driver version: PostgreSQL 9.3 JDBC3g (build 1103)
[21 Oct 2016 13:17:16] Driver major version: 9
[21 Oct 2016 13:17:16] Driver minor version: 3
[21 Oct 2016 13:17:16] Identifier quote string: 3
[21 Oct 2016 13:17:16] Retrieving schemas
[21 Oct 2016 13:17:16]   Found schema: information_schema
[21 Oct 2016 13:17:16]   Found schema: pg_catalog
[21 Oct 2016 13:17:16]   Found schema: public
[21 Oct 2016 13:17:16] Retrieving sequences
[21 Oct 2016 13:17:17] Retrieving [TABLE, VIEW, SYNONYM] for schema 'information_schema'
[21 Oct 2016 13:17:17] Retrieving [TABLE, VIEW, SYNONYM] for schema 'pg_catalog'
[21 Oct 2016 13:17:17] Retrieving [TABLE, VIEW, SYNONYM] for schema 'public'
[21 Oct 2016 13:17:17]   Found 'public.answer' [type = TABLE]
[21 Oct 2016 13:17:17]   Found 'public.campaign' [type = TABLE]
[21 Oct 2016 13:17:17]   Found 'public.campaigner' [type = TABLE]
[21 Oct 2016 13:17:17]   Found 'public.contribution' [type = TABLE]
[21 Oct 2016 13:17:17]   Found 'public.group' [type = TABLE]
[21 Oct 2016 13:17:17]   Found 'public.group_module' [type = TABLE]
[21 Oct 2016 13:17:17]   Found 'public.module' [type = TABLE]
[21 Oct 2016 13:17:17]   Found 'public.question' [type = TABLE]
[21 Oct 2016 13:17:17]   Found 'public.suppporter' [type = TABLE]
[21 Oct 2016 13:17:17]   Found 'public.suppporter_contribution' [type = TABLE]
[21 Oct 2016 13:17:17]   Found 'public.tag' [type = TABLE]
[21 Oct 2016 13:17:17]   Found 'public.user' [type = TABLE]
[21 Oct 2016 13:17:17]   Found 'public.user_group' [type = TABLE]
[21 Oct 2016 13:17:17] Retrieving columns for 'public.answer' [type = TABLE]
[21 Oct 2016 13:17:17]   Found column: oid_answer [type = int4][SQL/XOPEN type = 4][size = 10][dec. digits = 0]
[21 Oct 2016 13:17:17]   Found column: answer [type = text][SQL/XOPEN type = 12][size = 2147483647][dec. digits = 0]
[21 Oct 2016 13:17:17]   Found column: question_oid_question [type = int4][SQL/XOPEN type = 4][size = 10][dec. digits = 0]
[21 Oct 2016 13:17:17] Retrieving primary keys for 'public.answer' [type = TABLE]
[21 Oct 2016 13:17:17]   Found primary key column: oid_answer
[21 Oct 2016 13:17:17] Retrieving columns for 'public.campaign' [type = TABLE]
[21 Oct 2016 13:17:17]   Found column: oid_campaign [type = int4][SQL/XOPEN type = 4][size = 10][dec. digits = 0]
[21 Oct 2016 13:17:17]   Found column: title [type = varchar][SQL/XOPEN type = 12][size = 255][dec. digits = 0]
[21 Oct 2016 13:17:17]   Found column: quality [type = int4][SQL/XOPEN type = 4][size = 10][dec. digits = 0]
[21 Oct 2016 13:17:17]   Found column: popularity [type = int4][SQL/XOPEN type = 4][size = 10][dec. digits = 0]
[21 Oct 2016 13:17:17]   Found column: expiration [type = timestamp][SQL/XOPEN type = 93][size = 29][dec. digits = 6]
[21 Oct 2016 13:17:17]   Found column: goal [type = int4][SQL/XOPEN type = 4][size = 10][dec. digits = 0]
[21 Oct 2016 13:17:17]   Found column: description [type = text][SQL/XOPEN type = 12][size = 2147483647][dec. digits = 0]
[21 Oct 2016 13:17:17]   Found column: campaigner_oid_user [type = int4][SQL/XOPEN type = 4][size = 10][dec. digits = 0]
[21 Oct 2016 13:17:17]   Found column: time [type = bool][SQL/XOPEN type = -7][size = 1][dec. digits = 0]
[21 Oct 2016 13:17:17] Retrieving primary keys for 'public.campaign' [type = TABLE]
[21 Oct 2016 13:17:17]   Found primary key column: oid_campaign
[21 Oct 2016 13:17:17] Retrieving columns for 'public.campaigner' [type = TABLE]
[21 Oct 2016 13:17:17]   Found column: user_oid_user [type = int4][SQL/XOPEN type = 4][size = 10][dec. digits = 0]
[21 Oct 2016 13:17:17]   Found column: reputation [type = int4][SQL/XOPEN type = 4][size = 10][dec. digits = 0]
[21 Oct 2016 13:17:17] Retrieving primary keys for 'public.campaigner' [type = TABLE]
[21 Oct 2016 13:17:17]   Found primary key column: user_oid_user
[21 Oct 2016 13:17:17] Retrieving columns for 'public.contribution' [type = TABLE]
[21 Oct 2016 13:17:17]   Found column: oid_contribution [type = int4][SQL/XOPEN type = 4][size = 10][dec. digits = 0]
[21 Oct 2016 13:17:17]   Found column: amount [type = int4][SQL/XOPEN type = 4][size = 10][dec. digits = 0]
[21 Oct 2016 13:17:17]   Found column: description [type = text][SQL/XOPEN type = 12][size = 2147483647][dec. digits = 0]
[21 Oct 2016 13:17:17]   Found column: title [type = varchar][SQL/XOPEN type = 12][size = 255][dec. digits = 0]
[21 Oct 2016 13:17:17]   Found column: campaign_oid_campaign [type = int4][SQL/XOPEN type = 4][size = 10][dec. digits = 0]
[21 Oct 2016 13:17:17] Retrieving primary keys for 'public.contribution' [type = TABLE]
[21 Oct 2016 13:17:17]   Found primary key column: oid_contribution
[21 Oct 2016 13:17:17] Retrieving columns for 'public.group' [type = TABLE]
[21 Oct 2016 13:17:17]   Found column: oid_group [type = int4][SQL/XOPEN type = 4][size = 10][dec. digits = 0]
[21 Oct 2016 13:17:17]   Found column: groupname [type = varchar][SQL/XOPEN type = 12][size = 255][dec. digits = 0]
[21 Oct 2016 13:17:17]   Found column: module_oid_module [type = int4][SQL/XOPEN type = 4][size = 10][dec. digits = 0]
[21 Oct 2016 13:17:17] Retrieving primary keys for 'public.group' [type = TABLE]
[21 Oct 2016 13:17:17]   Found primary key column: oid_group
[21 Oct 2016 13:17:17] Retrieving columns for 'public.group_module' [type = TABLE]
[21 Oct 2016 13:17:17]   Found column: group_oid_group [type = int4][SQL/XOPEN type = 4][size = 10][dec. digits = 0]
[21 Oct 2016 13:17:17]   Found column: module_oid_module [type = int4][SQL/XOPEN type = 4][size = 10][dec. digits = 0]
[21 Oct 2016 13:17:17] Retrieving primary keys for 'public.group_module' [type = TABLE]
[21 Oct 2016 13:17:17]   Found primary key column: group_oid_group
[21 Oct 2016 13:17:17]   Found primary key column: module_oid_module
[21 Oct 2016 13:17:17] Retrieving columns for 'public.module' [type = TABLE]
[21 Oct 2016 13:17:17]   Found column: oid_module [type = int4][SQL/XOPEN type = 4][size = 10][dec. digits = 0]
[21 Oct 2016 13:17:17]   Found column: moduleid [type = varchar][SQL/XOPEN type = 12][size = 255][dec. digits = 0]
[21 Oct 2016 13:17:17]   Found column: modulename [type = varchar][SQL/XOPEN type = 12][size = 255][dec. digits = 0]
[21 Oct 2016 13:17:17] Retrieving primary keys for 'public.module' [type = TABLE]
[21 Oct 2016 13:17:17]   Found primary key column: oid_module
[21 Oct 2016 13:17:17] Retrieving columns for 'public.question' [type = TABLE]
[21 Oct 2016 13:17:17]   Found column: oid_question [type = int4][SQL/XOPEN type = 4][size = 10][dec. digits = 0]
[21 Oct 2016 13:17:17]   Found column: question [type = text][SQL/XOPEN type = 12][size = 2147483647][dec. digits = 0]
[21 Oct 2016 13:17:17]   Found column: suppporter_oid_user [type = int4][SQL/XOPEN type = 4][size = 10][dec. digits = 0]
[21 Oct 2016 13:17:17]   Found column: campaign_oid_campaign [type = int4][SQL/XOPEN type = 4][size = 10][dec. digits = 0]
[21 Oct 2016 13:17:17] Retrieving primary keys for 'public.question' [type = TABLE]
[21 Oct 2016 13:17:17]   Found primary key column: oid_question
[21 Oct 2016 13:17:17] Retrieving columns for 'public.suppporter' [type = TABLE]
[21 Oct 2016 13:17:17]   Found column: user_oid_user [type = int4][SQL/XOPEN type = 4][size = 10][dec. digits = 0]
[21 Oct 2016 13:17:17]   Found column: wisdom [type = int4][SQL/XOPEN type = 4][size = 10][dec. digits = 0]
[21 Oct 2016 13:17:17] Retrieving primary keys for 'public.suppporter' [type = TABLE]
[21 Oct 2016 13:17:17]   Found primary key column: user_oid_user
[21 Oct 2016 13:17:17] Retrieving columns for 'public.suppporter_contribution' [type = TABLE]
[21 Oct 2016 13:17:17]   Found column: suppporter_oid_user [type = int4][SQL/XOPEN type = 4][size = 10][dec. digits = 0]
[21 Oct 2016 13:17:17]   Found column: contribution_oid_contribution [type = int4][SQL/XOPEN type = 4][size = 10][dec. digits = 0]
[21 Oct 2016 13:17:17] Retrieving primary keys for 'public.suppporter_contribution' [type = TABLE]
[21 Oct 2016 13:17:17]   Found primary key column: suppporter_oid_user
[21 Oct 2016 13:17:17]   Found primary key column: contribution_oid_contribution
[21 Oct 2016 13:17:17] Retrieving columns for 'public.tag' [type = TABLE]
[21 Oct 2016 13:17:17]   Found column: oid_tag [type = int4][SQL/XOPEN type = 4][size = 10][dec. digits = 0]
[21 Oct 2016 13:17:17]   Found column: keyword [type = varchar][SQL/XOPEN type = 12][size = 255][dec. digits = 0]
[21 Oct 2016 13:17:17]   Found column: campaign_oid_campaign [type = int4][SQL/XOPEN type = 4][size = 10][dec. digits = 0]
[21 Oct 2016 13:17:17] Retrieving primary keys for 'public.tag' [type = TABLE]
[21 Oct 2016 13:17:17]   Found primary key column: oid_tag
[21 Oct 2016 13:17:17] Retrieving columns for 'public.user' [type = TABLE]
[21 Oct 2016 13:17:17]   Found column: oid_user [type = int4][SQL/XOPEN type = 4][size = 10][dec. digits = 0]
[21 Oct 2016 13:17:17]   Found column: username [type = varchar][SQL/XOPEN type = 12][size = 255][dec. digits = 0]
[21 Oct 2016 13:17:17]   Found column: password [type = varchar][SQL/XOPEN type = 12][size = 255][dec. digits = 0]
[21 Oct 2016 13:17:17]   Found column: name [type = varchar][SQL/XOPEN type = 12][size = 255][dec. digits = 0]
[21 Oct 2016 13:17:17]   Found column: payment_information [type = varchar][SQL/XOPEN type = 12][size = 255][dec. digits = 0]
[21 Oct 2016 13:17:17]   Found column: birthdate [type = date][SQL/XOPEN type = 91][size = 13][dec. digits = 0]
[21 Oct 2016 13:17:17]   Found column: group_oid_group [type = int4][SQL/XOPEN type = 4][size = 10][dec. digits = 0]
[21 Oct 2016 13:17:17] Retrieving primary keys for 'public.user' [type = TABLE]
[21 Oct 2016 13:17:17]   Found primary key column: oid_user
[21 Oct 2016 13:17:17] Retrieving columns for 'public.user_group' [type = TABLE]
[21 Oct 2016 13:17:17]   Found column: user_oid_user [type = int4][SQL/XOPEN type = 4][size = 10][dec. digits = 0]
[21 Oct 2016 13:17:17]   Found column: group_oid_group [type = int4][SQL/XOPEN type = 4][size = 10][dec. digits = 0]
[21 Oct 2016 13:17:17] Retrieving primary keys for 'public.user_group' [type = TABLE]
[21 Oct 2016 13:17:17]   Found primary key column: user_oid_user
[21 Oct 2016 13:17:17]   Found primary key column: group_oid_group
[21 Oct 2016 13:17:17] Database metadata retrieved (183 ms)
[21 Oct 2016 13:17:17] Database connection closed
