[21 Oct 2016 10:29:31] DEBUG Executing SQL script
[21 Oct 2016 10:29:31] INFO ================================================================================
[21 Oct 2016 10:29:31] INFO outputPath= '/Users/fredlu/Documents/Webratio_workspace/WSE_Group6/.Temp~/UpdateSQL.xml'
[21 Oct 2016 10:29:31] INFO onError= 'stop'
[21 Oct 2016 10:29:31] INFO statementSeparator= ';'
[21 Oct 2016 10:29:31] INFO derby.system.home= '/Users/fredlu/Documents/Webratio_workspace/.metadata/.plugins/com.webratio.commons.db/derby'
[21 Oct 2016 10:29:31] INFO password= 'staridol516127'
[21 Oct 2016 10:29:31] INFO url= 'jdbc:postgresql://localhost:5432/webratio_group6'
[21 Oct 2016 10:29:31] INFO username= 'postgres'
[21 Oct 2016 10:29:31] INFO autoCommit= 'false'
[21 Oct 2016 10:29:31] INFO outputLogPath= '/Users/fredlu/Documents/Webratio_workspace/WSE_Group6/.Temp~/UpdateSQL.xml.log'
[21 Oct 2016 10:29:31] INFO driverClass= 'org.postgresql.Driver'
[21 Oct 2016 10:29:31] INFO encoding= ''
[21 Oct 2016 10:29:31] INFO eventSocketPort= '50911'
[21 Oct 2016 10:29:31] INFO sqlScript= '/Users/fredlu/Documents/Webratio_workspace/WSE_Group6/.Temp~/UpdateSQL.sql'
[21 Oct 2016 10:29:31] INFO ================================================================================
[21 Oct 2016 10:29:31] INFO Connecting to the Database...
[21 Oct 2016 10:29:32] INFO Database connection estabilished
[21 Oct 2016 10:29:32] INFO transaction isolation: 2
[21 Oct 2016 10:29:32] DEBUG ================================================================================
[21 Oct 2016 10:29:32] DEBUG Executing SQL script file: /Users/fredlu/Documents/Webratio_workspace/WSE_Group6/.Temp~/UpdateSQL.sql
[21 Oct 2016 10:29:32] DEBUG Executing statement:  alter table "public"."campaign"  add column  "time"  bool
[21 Oct 2016 10:29:32] DEBUG ================================================================================
[21 Oct 2016 10:29:32] DEBUG SQL SCRIPT SUCCESSFULLY EXECUTED
[21 Oct 2016 10:29:32] INFO Database connection closed
[21 Oct 2016 10:29:32] DEBUG Total time: 253 milliseconds
